<?xml version="1.0" encoding="UTF-8"?>
<!-- Generated by org.testng.reporters.JUnitReportReporter -->
<testsuite hostname="CAMBROSIA-VM" failures="0" tests="2" name="winapp.cti.qa.testcases.phonecontrol.ConferenceCallTest" time="602.081" errors="0" timestamp="2021-06-29T07:15:46 PDT" skipped="0">
  <testcase classname="winapp.cti.qa.testcases.phonecontrol.ConferenceCallTest" name="transferCall" time="236.697"/>
  <system-out/>
  <testcase classname="winapp.cti.qa.testcases.phonecontrol.ConferenceCallTest" name="transferCall" time="365.384"/>
  <system-out/>
</testsuite> <!-- winapp.cti.qa.testcases.phonecontrol.ConferenceCallTest -->
