<?xml version="1.0" encoding="UTF-8"?>
<!-- Generated by org.testng.reporters.JUnitReportReporter -->
<testsuite hostname="CAMBROSIA-VM" failures="0" tests="2" name="winapp.cti.qa.testcases.phonecontrol.TransferCallTest" time="471.333" errors="0" timestamp="2021-06-29T07:15:46 PDT" skipped="0">
  <testcase classname="winapp.cti.qa.testcases.phonecontrol.TransferCallTest" name="transferCall" time="317.125"/>
  <system-out/>
  <testcase classname="winapp.cti.qa.testcases.phonecontrol.TransferCallTest" name="transferCall" time="154.208"/>
  <system-out/>
</testsuite> <!-- winapp.cti.qa.testcases.phonecontrol.TransferCallTest -->
