<?xml version="1.0" encoding="UTF-8"?>
<!-- Generated by org.testng.reporters.JUnitReportReporter -->
<testsuite hostname="CAMBROSIA-VM" failures="0" tests="2" name="winapp.cti.qa.testcases.phonecontrol.BlindTransferCallTest" time="415.564" errors="0" timestamp="2021-06-29T07:15:46 PDT" skipped="0">
  <testcase classname="winapp.cti.qa.testcases.phonecontrol.BlindTransferCallTest" name="transferCall" time="128.176"/>
  <system-out/>
  <testcase classname="winapp.cti.qa.testcases.phonecontrol.BlindTransferCallTest" name="transferCall" time="287.388"/>
  <system-out/>
</testsuite> <!-- winapp.cti.qa.testcases.phonecontrol.BlindTransferCallTest -->
